<?xml version="1.0" encoding="UTF-8"?>
<testng-results skipped="0" failed="0" ignored="0" total="1" passed="1">
  <reporter-output>
  </reporter-output>
  <suite name="logindemo.Loginstage.Testpage" duration-ms="12812" started-at="2019-02-02T23:27:41 IST" finished-at="2019-02-02T23:27:54 IST">
    <groups>
    </groups>
    <test name="Command line test" duration-ms="12812" started-at="2019-02-02T23:27:41 IST" finished-at="2019-02-02T23:27:54 IST">
      <class name="logindemo.Loginstage.Testpage">
        <test-method status="PASS" signature="setup()[pri:0, instance:logindemo.Loginstage.Testpage@1629756]" name="setup" duration-ms="12757" started-at="2019-02-02T23:27:41 IST" finished-at="2019-02-02T23:27:54 IST">
          <reporter-output>
          </reporter-output>
        </test-method> <!-- setup -->
      </class> <!-- logindemo.Loginstage.Testpage -->
    </test> <!-- Command line test -->
  </suite> <!-- logindemo.Loginstage.Testpage -->
</testng-results>
